This is pdfTeX, Version 3.1415926-2.5-1.40.14 (TeX Live 2013) (format=pdflatex 2013.5.30)  4 FEB 2014 16:00
entering extended mode
 restricted \write18 enabled.
 %&-line parsing enabled.
**MultiDefDensityVersion9.tex -recorder
(./MultiDefDensityVersion9.tex
LaTeX2e <2011/06/27>
Babel <3.9f> and hyphenation patterns for 78 languages loaded.
(./imsart.cls
Document Class: imsart 2010/04/27 driver class for package imsart.sty
(/usr/local/texlive/2013/texmf-dist/tex/latex/base/article.cls
Document Class: article 2007/10/19 v1.4h Standard LaTeX document class
(/usr/local/texlive/2013/texmf-dist/tex/latex/base/size10.clo
File: size10.clo 2007/10/19 v1.4h Standard LaTeX file (size option)
)
\c@part=\count79
\c@section=\count80
\c@subsection=\count81
\c@subsubsection=\count82
\c@paragraph=\count83
\c@subparagraph=\count84
\c@figure=\count85
\c@table=\count86
\abovecaptionskip=\skip41
\belowcaptionskip=\skip42
\bibindent=\dimen102
) (./imsart.sty
File: imsart.sty 2012/04/10IMS article style (VS)

No file imsart.cnf.
\c@firstpage=\count87
\c@lastpage=\count88
\c@thanks=\count89
\c@addressref=\count90
(/usr/local/texlive/2013/texmf-dist/tex/latex/graphics/keyval.sty
Package: keyval 1999/03/16 v1.13 key=value parser (DPC)
\KV@toks@=\toks14
)
\c@emailref=\count91
\c@author=\count92
\c@address=\count93
\sv@mathsurround=\dimen103
\sv@parindent=\dimen104
\fm@box=\box26
\fm@size=\dimen105
\t@xtheight=\dimen106
\abstract@box=\box27
\keyword@box=\box28
\pre@kwd@depth=\dimen107
\authors@list=\toks15
\keywords@list=\toks16

No file imsart-generic.cnf.
)) (/usr/local/texlive/2013/texmf-dist/tex/latex/tools/bm.sty
Package: bm 2004/02/26 v1.1c Bold Symbol Support (DPC/FMi)
\symboldoperators=\mathgroup4
\symboldletters=\mathgroup5
\symboldsymbols=\mathgroup6
LaTeX Font Info:    Redeclaring math alphabet \mathbf on input line 138.
LaTeX Info: Redefining \bm on input line 204.
)
(/usr/local/texlive/2013/texmf-dist/tex/latex/geometry/geometry.sty
Package: geometry 2010/09/12 v5.6 Page Geometry

(/usr/local/texlive/2013/texmf-dist/tex/generic/oberdiek/ifpdf.sty
Package: ifpdf 2011/01/30 v2.3 Provides the ifpdf switch (HO)
Package ifpdf Info: pdfTeX in PDF mode is detected.
)
(/usr/local/texlive/2013/texmf-dist/tex/generic/oberdiek/ifvtex.sty
Package: ifvtex 2010/03/01 v1.5 Detect VTeX and its facilities (HO)
Package ifvtex Info: VTeX not detected.
)
(/usr/local/texlive/2013/texmf-dist/tex/generic/ifxetex/ifxetex.sty
Package: ifxetex 2010/09/12 v0.6 Provides ifxetex conditional
)
\Gm@cnth=\count94
\Gm@cntv=\count95
\c@Gm@tempcnt=\count96
\Gm@bindingoffset=\dimen108
\Gm@wd@mp=\dimen109
\Gm@odd@mp=\dimen110
\Gm@even@mp=\dimen111
\Gm@layoutwidth=\dimen112
\Gm@layoutheight=\dimen113
\Gm@layouthoffset=\dimen114
\Gm@layoutvoffset=\dimen115
\Gm@dimlist=\toks17
)
(/usr/local/texlive/2013/texmf-dist/tex/latex/graphics/graphics.sty
Package: graphics 2009/02/05 v1.0o Standard LaTeX Graphics (DPC,SPQR)

(/usr/local/texlive/2013/texmf-dist/tex/latex/graphics/trig.sty
Package: trig 1999/03/16 v1.09 sin cos tan (DPC)
)
(/usr/local/texlive/2013/texmf-dist/tex/latex/latexconfig/graphics.cfg
File: graphics.cfg 2010/04/23 v1.9 graphics configuration of TeX Live
)
Package graphics Info: Driver file: pdftex.def on input line 91.

(/usr/local/texlive/2013/texmf-dist/tex/latex/pdftex-def/pdftex.def
File: pdftex.def 2011/05/27 v0.06d Graphics/color for pdfTeX

(/usr/local/texlive/2013/texmf-dist/tex/generic/oberdiek/infwarerr.sty
Package: infwarerr 2010/04/08 v1.3 Providing info/warning/error messages (HO)
)
(/usr/local/texlive/2013/texmf-dist/tex/generic/oberdiek/ltxcmds.sty
Package: ltxcmds 2011/11/09 v1.22 LaTeX kernel commands for general use (HO)
)
\Gread@gobject=\count97
))
(/usr/local/texlive/2013/texmf-dist/tex/latex/graphics/epsfig.sty
Package: epsfig 1999/02/16 v1.7a (e)psfig emulation (SPQR)

(/usr/local/texlive/2013/texmf-dist/tex/latex/graphics/graphicx.sty
Package: graphicx 1999/02/16 v1.0f Enhanced LaTeX Graphics (DPC,SPQR)
\Gin@req@height=\dimen116
\Gin@req@width=\dimen117
)
\epsfxsize=\dimen118
\epsfysize=\dimen119
)
(/usr/local/texlive/2013/texmf-dist/tex/generic/dvips/rotate.sty
\@rotdimen=\dimen120
\@rotbox=\box29
)
(/usr/local/texlive/2013/texmf-dist/tex/latex/graphics/lscape.sty
Package: lscape 2000/10/22 v3.01 Landscape Pages (DPC)
)
(/usr/local/texlive/2013/texmf-dist/tex/latex/amsmath/amsmath.sty
Package: amsmath 2013/01/14 v2.14 AMS math features
\@mathmargin=\skip43

For additional information on amsmath, use the `?' option.
(/usr/local/texlive/2013/texmf-dist/tex/latex/amsmath/amstext.sty
Package: amstext 2000/06/29 v2.01

(/usr/local/texlive/2013/texmf-dist/tex/latex/amsmath/amsgen.sty
File: amsgen.sty 1999/11/30 v2.0
\@emptytoks=\toks18
\ex@=\dimen121
))
(/usr/local/texlive/2013/texmf-dist/tex/latex/amsmath/amsbsy.sty
Package: amsbsy 1999/11/29 v1.2d
LaTeX Info: Redefining \boldsymbol on input line 39.
\pmbraise@=\dimen122
)
(/usr/local/texlive/2013/texmf-dist/tex/latex/amsmath/amsopn.sty
Package: amsopn 1999/12/14 v2.01 operator names
)
\inf@bad=\count98
LaTeX Info: Redefining \frac on input line 210.
\uproot@=\count99
\leftroot@=\count100
LaTeX Info: Redefining \overline on input line 306.
\classnum@=\count101
\DOTSCASE@=\count102
LaTeX Info: Redefining \ldots on input line 378.
LaTeX Info: Redefining \dots on input line 381.
LaTeX Info: Redefining \cdots on input line 466.
\Mathstrutbox@=\box30
\strutbox@=\box31
\big@size=\dimen123
LaTeX Font Info:    Redeclaring font encoding OML on input line 566.
LaTeX Font Info:    Redeclaring font encoding OMS on input line 567.
\macc@depth=\count103
\c@MaxMatrixCols=\count104
\dotsspace@=\muskip10
\c@parentequation=\count105
\dspbrk@lvl=\count106
\tag@help=\toks19
\row@=\count107
\column@=\count108
\maxfields@=\count109
\andhelp@=\toks20
\eqnshift@=\dimen124
\alignsep@=\dimen125
\tagshift@=\dimen126
\tagwidth@=\dimen127
\totwidth@=\dimen128
\lineht@=\dimen129
\@envbody=\toks21
\multlinegap=\skip44
\multlinetaggap=\skip45
\mathdisplay@stack=\toks22
LaTeX Info: Redefining \[ on input line 2665.
LaTeX Info: Redefining \] on input line 2666.
)
(/usr/local/texlive/2013/texmf-dist/tex/latex/amscls/amsthm.sty
Package: amsthm 2004/08/06 v2.20
\thm@style=\toks23
\thm@bodyfont=\toks24
\thm@headfont=\toks25
\thm@notefont=\toks26
\thm@headpunct=\toks27
\thm@preskip=\skip46
\thm@postskip=\skip47
\thm@headsep=\skip48
\dth@everypar=\toks28
)
(/usr/local/texlive/2013/texmf-dist/tex/latex/amsfonts/amssymb.sty
Package: amssymb 2013/01/14 v3.01 AMS font symbols

(/usr/local/texlive/2013/texmf-dist/tex/latex/amsfonts/amsfonts.sty
Package: amsfonts 2013/01/14 v3.01 Basic AMSFonts support


Package amsfonts Warning: The 'psamsfonts' option is obsolete in AMSFonts v3.

\symAMSa=\mathgroup7
\symAMSb=\mathgroup8
LaTeX Font Info:    Overwriting math alphabet `\mathfrak' in version `bold'
(Font)                  U/euf/m/n --> U/euf/b/n on input line 106.
)) (/usr/local/texlive/2013/texmf-dist/tex/latex/float/float.sty
Package: float 2001/11/08 v1.3d Float enhancements (AL)
\c@float@type=\count110
\float@exts=\toks29
\float@box=\box32
\@float@everytoks=\toks30
\@floatcapt=\box33
)
(/usr/local/texlive/2013/texmf-dist/tex/latex/hyperref/hyperref.sty
Package: hyperref 2012/11/06 v6.83m Hypertext links for LaTeX

(/usr/local/texlive/2013/texmf-dist/tex/generic/oberdiek/hobsub-hyperref.sty
Package: hobsub-hyperref 2012/05/28 v1.13 Bundle oberdiek, subset hyperref (HO)


(/usr/local/texlive/2013/texmf-dist/tex/generic/oberdiek/hobsub-generic.sty
Package: hobsub-generic 2012/05/28 v1.13 Bundle oberdiek, subset generic (HO)
Package: hobsub 2012/05/28 v1.13 Construct package bundles (HO)
Package hobsub Info: Skipping package `infwarerr' (already loaded).
Package hobsub Info: Skipping package `ltxcmds' (already loaded).
Package: ifluatex 2010/03/01 v1.3 Provides the ifluatex switch (HO)
Package ifluatex Info: LuaTeX not detected.
Package hobsub Info: Skipping package `ifvtex' (already loaded).
Package: intcalc 2007/09/27 v1.1 Expandable calculations with integers (HO)
Package hobsub Info: Skipping package `ifpdf' (already loaded).
Package: etexcmds 2011/02/16 v1.5 Avoid name clashes with e-TeX commands (HO)
Package etexcmds Info: Could not find \expanded.
(etexcmds)             That can mean that you are not using pdfTeX 1.50 or
(etexcmds)             that some package has redefined \expanded.
(etexcmds)             In the latter case, load this package earlier.
Package: kvsetkeys 2012/04/25 v1.16 Key value parser (HO)
Package: kvdefinekeys 2011/04/07 v1.3 Define keys (HO)
Package: pdftexcmds 2011/11/29 v0.20 Utility functions of pdfTeX for LuaTeX (HO
)
Package pdftexcmds Info: LuaTeX not detected.
Package pdftexcmds Info: \pdf@primitive is available.
Package pdftexcmds Info: \pdf@ifprimitive is available.
Package pdftexcmds Info: \pdfdraftmode found.
Package: pdfescape 2011/11/25 v1.13 Implements pdfTeX's escape features (HO)
Package: bigintcalc 2012/04/08 v1.3 Expandable calculations on big integers (HO
)
Package: bitset 2011/01/30 v1.1 Handle bit-vector datatype (HO)
Package: uniquecounter 2011/01/30 v1.2 Provide unlimited unique counter (HO)
)
Package hobsub Info: Skipping package `hobsub' (already loaded).
Package: letltxmacro 2010/09/02 v1.4 Let assignment for LaTeX macros (HO)
Package: hopatch 2012/05/28 v1.2 Wrapper for package hooks (HO)
Package: xcolor-patch 2011/01/30 xcolor patch
Package: atveryend 2011/06/30 v1.8 Hooks at the very end of document (HO)
Package atveryend Info: \enddocument detected (standard20110627).
Package: atbegshi 2011/10/05 v1.16 At begin shipout hook (HO)
Package: refcount 2011/10/16 v3.4 Data extraction from label references (HO)
Package: hycolor 2011/01/30 v1.7 Color options for hyperref/bookmark (HO)
)
(/usr/local/texlive/2013/texmf-dist/tex/latex/oberdiek/auxhook.sty
Package: auxhook 2011/03/04 v1.3 Hooks for auxiliary files (HO)
)
(/usr/local/texlive/2013/texmf-dist/tex/latex/oberdiek/kvoptions.sty
Package: kvoptions 2011/06/30 v3.11 Key value format for package options (HO)
)
\@linkdim=\dimen130
\Hy@linkcounter=\count111
\Hy@pagecounter=\count112

(/usr/local/texlive/2013/texmf-dist/tex/latex/hyperref/pd1enc.def
File: pd1enc.def 2012/11/06 v6.83m Hyperref: PDFDocEncoding definition (HO)
)
\Hy@SavedSpaceFactor=\count113

(/usr/local/texlive/2013/texmf-dist/tex/latex/latexconfig/hyperref.cfg
File: hyperref.cfg 2002/06/06 v1.2 hyperref configuration of TeXLive
)
Package hyperref Info: Option `colorlinks' set `true' on input line 4319.


Package hyperref Warning: Option `pagecolor' is not available anymore.

Package hyperref Info: Option `linktocpage' set `true' on input line 4319.
Package hyperref Info: Hyper figures OFF on input line 4443.
Package hyperref Info: Link nesting OFF on input line 4448.
Package hyperref Info: Hyper index ON on input line 4451.
Package hyperref Info: Plain pages OFF on input line 4458.
Package hyperref Info: Backreferencing OFF on input line 4463.
Package hyperref Info: Implicit mode ON; LaTeX internals redefined.
Package hyperref Info: Bookmarks ON on input line 4688.
\c@Hy@tempcnt=\count114
(/usr/local/texlive/2013/texmf-dist/tex/latex/url/url.sty
\Urlmuskip=\muskip11
Package: url 2006/04/12  ver 3.3  Verb mode for urls, etc.
)
LaTeX Info: Redefining \url on input line 5041.
\XeTeXLinkMargin=\dimen131
\Fld@menulength=\count115
\Field@Width=\dimen132
\Fld@charsize=\dimen133
Package hyperref Info: Hyper figures OFF on input line 6295.
Package hyperref Info: Link nesting OFF on input line 6300.
Package hyperref Info: Hyper index ON on input line 6303.
Package hyperref Info: backreferencing OFF on input line 6310.
Package hyperref Info: Link coloring ON on input line 6313.
Package hyperref Info: Link coloring with OCG OFF on input line 6320.
Package hyperref Info: PDF/A mode OFF on input line 6325.
LaTeX Info: Redefining \ref on input line 6365.
LaTeX Info: Redefining \pageref on input line 6369.
\Hy@abspage=\count116
\c@Item=\count117
\c@Hfootnote=\count118
)

Package hyperref Message: Driver (autodetected): hpdftex.

(/usr/local/texlive/2013/texmf-dist/tex/latex/hyperref/hpdftex.def
File: hpdftex.def 2012/11/06 v6.83m Hyperref driver for pdfTeX
\Fld@listcount=\count119
\c@bookmark@seq@number=\count120

(/usr/local/texlive/2013/texmf-dist/tex/latex/oberdiek/rerunfilecheck.sty
Package: rerunfilecheck 2011/04/15 v1.7 Rerun checks for auxiliary files (HO)
Package uniquecounter Info: New unique counter `rerunfilecheck' on input line 2
82.
)
\Hy@SectionHShift=\skip49
)
(/usr/local/texlive/2013/texmf-dist/tex/latex/tools/delarray.sty
Package: delarray 1994/03/14 v1.01 array delimiter package (DPC)

(/usr/local/texlive/2013/texmf-dist/tex/latex/tools/array.sty
Package: array 2008/09/09 v2.4c Tabular extension package (FMi)
\col@sep=\dimen134
\extrarowheight=\dimen135
\NC@list=\toks31
\extratabsurround=\skip50
\backup@length=\skip51
))
(/usr/local/texlive/2013/texmf-dist/tex/latex/sectsty/sectsty.sty
Package: sectsty 2002/02/25 v2.0.2 Commands to change all sectional heading sty
les
)
(/usr/local/texlive/2013/texmf-dist/tex/latex/amsmath/amscd.sty
Package: amscd 1999/11/29 v2.0
\athelp@=\toks32
\minaw@=\dimen136
\bigaw@=\dimen137
\minCDarrowwidth=\dimen138
)
(/usr/local/texlive/2013/texmf-dist/tex/latex/psnfss/pifont.sty
Package: pifont 2005/04/12 PSNFSS-v9.2a Pi font support (SPQR) 
LaTeX Font Info:    Try loading font information for U+pzd on input line 63.

(/usr/local/texlive/2013/texmf-dist/tex/latex/psnfss/upzd.fd
File: upzd.fd 2001/06/04 font definitions for U/pzd.
)
LaTeX Font Info:    Try loading font information for U+psy on input line 64.

(/usr/local/texlive/2013/texmf-dist/tex/latex/psnfss/upsy.fd
File: upsy.fd 2001/06/04 font definitions for U/psy.
))
(/usr/local/texlive/2013/texmf-dist/tex/latex/graphics/color.sty
Package: color 2005/11/14 v1.0j Standard LaTeX Color (DPC)

(/usr/local/texlive/2013/texmf-dist/tex/latex/latexconfig/color.cfg
File: color.cfg 2007/01/18 v1.5 color configuration of teTeX/TeXLive
)
Package color Info: Driver file: pdftex.def on input line 130.
)
(/usr/local/texlive/2013/texmf-dist/tex/latex/multirow/multirow.sty
\bigstrutjot=\dimen139
)
(/usr/local/texlive/2013/texmf-dist/tex/latex/algorithms/algorithmic.sty
Package: algorithmic 2009/08/24 v0.1 Document Style `algorithmic'

(/usr/local/texlive/2013/texmf-dist/tex/latex/base/ifthen.sty
Package: ifthen 2001/05/26 v1.1c Standard LaTeX ifthen package (DPC)
)
\c@ALC@unique=\count121
\c@ALC@line=\count122
\c@ALC@rem=\count123
\c@ALC@depth=\count124
\ALC@tlm=\skip52
\algorithmicindent=\skip53
)
(/usr/local/texlive/2013/texmf-dist/tex/latex/algorithms/algorithm.sty
Package: algorithm 2009/08/24 v0.1 Document Style `algorithm' - floating enviro
nment
\@float@every@algorithm=\toks33
\c@algorithm=\count125
)
\c@theorem=\count126
\c@lemma=\count127
\c@corollary=\count128
\c@Prop=\count129
\c@aside=\count130
\c@claim=\count131
\c@conjecture=\count132
\c@definition=\count133
\c@proposition=\count134

(./MultiDefDensityVersion9.aux

LaTeX Warning: Label `athanks' multiply defined.


LaTeX Warning: Label `bthanks' multiply defined.


LaTeX Warning: Label `811' multiply defined.


LaTeX Warning: Label `EL' multiply defined.


LaTeX Warning: Label `EL' multiply defined.


LaTeX Warning: Label `alg2' multiply defined.

)
\openout1 = `MultiDefDensityVersion9.aux'.

LaTeX Font Info:    Checking defaults for OML/cmm/m/it on input line 81.
LaTeX Font Info:    ... okay on input line 81.
LaTeX Font Info:    Checking defaults for T1/cmr/m/n on input line 81.
LaTeX Font Info:    ... okay on input line 81.
LaTeX Font Info:    Checking defaults for OT1/cmr/m/n on input line 81.
LaTeX Font Info:    ... okay on input line 81.
LaTeX Font Info:    Checking defaults for OMS/cmsy/m/n on input line 81.
LaTeX Font Info:    ... okay on input line 81.
LaTeX Font Info:    Checking defaults for OMX/cmex/m/n on input line 81.
LaTeX Font Info:    ... okay on input line 81.
LaTeX Font Info:    Checking defaults for U/cmr/m/n on input line 81.
LaTeX Font Info:    ... okay on input line 81.
LaTeX Font Info:    Checking defaults for PD1/pdf/m/n on input line 81.
LaTeX Font Info:    ... okay on input line 81.

*geometry* driver: auto-detecting
*geometry* detected driver: pdftex
*geometry* verbose mode - [ preamble ] result:
* driver: pdftex
* paper: letterpaper
* layout: <same size as paper>
* layoutoffset:(h,v)=(0.0pt,0.0pt)
* modes: twoside asymmetric 
* h-part:(L,W,R)=(86.72377pt, 440.84746pt, 86.72377pt)
* v-part:(T,H,B)=(86.72377pt, 628.74878pt, 79.49744pt)
* \paperwidth=614.295pt
* \paperheight=794.96999pt
* \textwidth=440.84746pt
* \textheight=628.74878pt
* \oddsidemargin=14.45378pt
* \evensidemargin=14.45378pt
* \topmargin=-11.54622pt
* \headheight=12.0pt
* \headsep=14.0pt
* \topskip=10.0pt
* \footskip=14.0pt
* \marginparwidth=65.0pt
* \marginparsep=11.0pt
* \columnsep=10.0pt
* \skip\footins=9.0pt plus 4.0pt minus 2.0pt
* \hoffset=0.0pt
* \voffset=0.0pt
* \mag=1000
* \@twocolumnfalse
* \@twosidetrue
* \@mparswitchfalse
* \@reversemarginfalse
* (1in=72.27pt=25.4mm, 1cm=28.453pt)

(/usr/local/texlive/2013/texmf-dist/tex/context/base/supp-pdf.mkii
[Loading MPS to PDF converter (version 2006.09.02).]
\scratchcounter=\count135
\scratchdimen=\dimen140
\scratchbox=\box34
\nofMPsegments=\count136
\nofMParguments=\count137
\everyMPshowfont=\toks34
\MPscratchCnt=\count138
\MPscratchDim=\dimen141
\MPnumerator=\count139
\makeMPintoPDFobject=\count140
\everyMPtoPDFconversion=\toks35
) (/usr/local/texlive/2013/texmf-dist/tex/latex/oberdiek/epstopdf-base.sty
Package: epstopdf-base 2010/02/09 v2.5 Base part for package epstopdf

(/usr/local/texlive/2013/texmf-dist/tex/latex/oberdiek/grfext.sty
Package: grfext 2010/08/19 v1.1 Manage graphics extensions (HO)
)
Package grfext Info: Graphics extension search list:
(grfext)             [.png,.pdf,.jpg,.mps,.jpeg,.jbig2,.jb2,.PNG,.PDF,.JPG,.JPE
G,.JBIG2,.JB2,.eps]
(grfext)             \AppendGraphicsExtensions on input line 452.

(/usr/local/texlive/2013/texmf-dist/tex/latex/latexconfig/epstopdf-sys.cfg
File: epstopdf-sys.cfg 2010/07/13 v1.3 Configuration of (r)epstopdf for TeX Liv
e
))
\AtBeginShipoutBox=\box35
Package hyperref Info: Link coloring ON on input line 81.

(/usr/local/texlive/2013/texmf-dist/tex/latex/hyperref/nameref.sty
Package: nameref 2012/10/27 v2.43 Cross-referencing by name of section

(/usr/local/texlive/2013/texmf-dist/tex/generic/oberdiek/gettitlestring.sty
Package: gettitlestring 2010/12/03 v1.4 Cleanup title references (HO)
)
\c@section@level=\count141
)
LaTeX Info: Redefining \ref on input line 81.
LaTeX Info: Redefining \pageref on input line 81.
LaTeX Info: Redefining \nameref on input line 81.

(./MultiDefDensityVersion9.out) (./MultiDefDensityVersion9.out)
\@outlinefile=\write3
\openout3 = `MultiDefDensityVersion9.out'.

LaTeX Font Info:    Try loading font information for U+msa on input line 92.

(/usr/local/texlive/2013/texmf-dist/tex/latex/amsfonts/umsa.fd
File: umsa.fd 2013/01/14 v3.01 AMS symbols A
)
LaTeX Font Info:    Try loading font information for U+msb on input line 92.

(/usr/local/texlive/2013/texmf-dist/tex/latex/amsfonts/umsb.fd
File: umsb.fd 2013/01/14 v3.01 AMS symbols B
)

Package amsfonts Warning: Obsolete command \Bbb; \mathbb should be used instead
 on input line 107.


Underfull \hbox (badness 10000) has occurred while \output is active
[]
 []

[1

{/usr/local/texlive/2013/texmf-var/fonts/map/pdftex/updmap/pdftex.map}]
[2] [3] [4] [5] [6] [7]
Overfull \hbox (3.99786pt too wide) in paragraph at lines 514--517
\OT1/cmr/m/n/10 where $\U/msb/m/n/10 E[]$ \OT1/cmr/m/n/10 de-notes ex-pec-ta-ti
on with re-spect to the em-pir-i-cal mea-sure gen-er-ated by the data: $[] [][]
 \OML/cmm/m/it/10 ^^N[]$\OT1/cmr/m/n/10 .
 []

[8]
Package epstopdf Info: Source file: <pics/fig01/density_justn.eps>
(epstopdf)                    date: 2012-03-30 22:17:06
(epstopdf)                    size: 10319 bytes
(epstopdf)             Output file: <pics/fig01/density_justn-eps-converted-to.
pdf>
(epstopdf)                    date: 2012-03-31 10:39:28
(epstopdf)                    size: 6550 bytes
(epstopdf)             Command: <repstopdf --outfile=pics/fig01/density_justn-e
ps-converted-to.pdf pics/fig01/density_justn.eps>
(epstopdf)             \includegraphics on input line 582.
Package epstopdf Info: Output file is already uptodate.

<pics/fig01/density_justn-eps-converted-to.pdf, id=288, 468.75125pt x 369.38pt>
File: pics/fig01/density_justn-eps-converted-to.pdf Graphic file (type pdf)
<use pics/fig01/density_justn-eps-converted-to.pdf>
Package pdftex.def Info: pics/fig01/density_justn-eps-converted-to.pdf used on 
input line 582.
(pdftex.def)             Requested size: 201.76653pt x 158.99377pt.
Package epstopdf Info: Source file: <pics/fig01/agreement_justn.eps>
(epstopdf)                    date: 2012-05-01 01:25:28
(epstopdf)                    size: 12256 bytes
(epstopdf)             Output file: <pics/fig01/agreement_justn-eps-converted-t
o.pdf>
(epstopdf)                    date: 2012-05-01 10:07:38
(epstopdf)                    size: 8123 bytes
(epstopdf)             Command: <repstopdf --outfile=pics/fig01/agreement_justn
-eps-converted-to.pdf pics/fig01/agreement_justn.eps>
(epstopdf)             \includegraphics on input line 583.
Package epstopdf Info: Output file is already uptodate.

<pics/fig01/agreement_justn-eps-converted-to.pdf, id=289, 475.7775pt x 370.3837
4pt>
File: pics/fig01/agreement_justn-eps-converted-to.pdf Graphic file (type pdf)
 <use pics/fig01/agreement_justn-eps-converted-to.pdf>
Package pdftex.def Info: pics/fig01/agreement_justn-eps-converted-to.pdf used o
n input line 583.
(pdftex.def)             Requested size: 204.23912pt x 158.99377pt.
Package epstopdf Info: Source file: <pics/fig01/density_n_pm_h.eps>
(epstopdf)                    date: 2012-03-30 22:16:58
(epstopdf)                    size: 10366 bytes
(epstopdf)             Output file: <pics/fig01/density_n_pm_h-eps-converted-to
.pdf>
(epstopdf)                    date: 2012-03-31 10:39:26
(epstopdf)                    size: 6500 bytes
(epstopdf)             Command: <repstopdf --outfile=pics/fig01/density_n_pm_h-
eps-converted-to.pdf pics/fig01/density_n_pm_h.eps>
(epstopdf)             \includegraphics on input line 584.
Package epstopdf Info: Output file is already uptodate.

<pics/fig01/density_n_pm_h-eps-converted-to.pdf, id=290, 468.75125pt x 369.38pt
>
File: pics/fig01/density_n_pm_h-eps-converted-to.pdf Graphic file (type pdf)
 <use pics/fig01/density_n_pm_h-eps-converted-to.pdf>
Package pdftex.def Info: pics/fig01/density_n_pm_h-eps-converted-to.pdf used on
 input line 584.
(pdftex.def)             Requested size: 201.76653pt x 158.99377pt.
Package epstopdf Info: Source file: <pics/fig01/agreement_n_pm_h.eps>
(epstopdf)                    date: 2012-05-01 01:25:20
(epstopdf)                    size: 12278 bytes
(epstopdf)             Output file: <pics/fig01/agreement_n_pm_h-eps-converted-
to.pdf>
(epstopdf)                    date: 2012-05-01 10:07:39
(epstopdf)                    size: 7676 bytes
(epstopdf)             Command: <repstopdf --outfile=pics/fig01/agreement_n_pm_
h-eps-converted-to.pdf pics/fig01/agreement_n_pm_h.eps>
(epstopdf)             \includegraphics on input line 585.
Package epstopdf Info: Output file is already uptodate.

<pics/fig01/agreement_n_pm_h-eps-converted-to.pdf, id=291, 475.7775pt x 370.383
74pt>
File: pics/fig01/agreement_n_pm_h-eps-converted-to.pdf Graphic file (type pdf)
 <use pics/fig01/agreement_n_pm_h-eps-converted-to.pdf>
Package pdftex.def Info: pics/fig01/agreement_n_pm_h-eps-converted-to.pdf used 
on input line 585.
(pdftex.def)             Requested size: 204.23912pt x 158.99377pt.

Overfull \hbox (6.80257pt too wide) in paragraph at lines 594--599
[]\OT1/cmr/m/n/10 As a first il-lus-tra-tion, we show that the na^^?^^Pve choic
e of ini-tial knots ob-tained by set-ting $\OMS/cmsy/m/n/10 f\OML/cmm/m/it/10 ^
^T[]; [] ; ^^T[]\OMS/cmsy/m/n/10 g \OT1/cmr/m/n/10 =
 []

[9] [10 <./pics/fig01/density_justn-eps-converted-to.pdf> <./pics/fig01/agreeme
nt_justn-eps-converted-to.pdf> <./pics/fig01/density_n_pm_h-eps-converted-to.pd
f> <./pics/fig01/agreement_n_pm_h-eps-converted-to.pdf>]
Package epstopdf Info: Source file: <pics/fig02/density_justn.eps>
(epstopdf)                    date: 2012-05-10 18:07:40
(epstopdf)                    size: 6527086 bytes
(epstopdf)             Output file: <pics/fig02/density_justn-eps-converted-to.
pdf>
(epstopdf)                    date: 2012-05-11 09:17:45
(epstopdf)                    size: 20672 bytes
(epstopdf)             Command: <repstopdf --outfile=pics/fig02/density_justn-e
ps-converted-to.pdf pics/fig02/density_justn.eps>
(epstopdf)             \includegraphics on input line 615.
Package epstopdf Info: Output file is already uptodate.

<pics/fig02/density_justn-eps-converted-to.pdf, id=353, 478.78876pt x 385.44pt>
File: pics/fig02/density_justn-eps-converted-to.pdf Graphic file (type pdf)
<use pics/fig02/density_justn-eps-converted-to.pdf>
Package pdftex.def Info: pics/fig02/density_justn-eps-converted-to.pdf used on 
input line 615.
(pdftex.def)             Requested size: 197.49548pt x 158.99377pt.
Package epstopdf Info: Source file: <pics/fig02/agreement0_justn.eps>
(epstopdf)                    date: 2012-05-10 18:07:40
(epstopdf)                    size: 11851 bytes
(epstopdf)             Output file: <pics/fig02/agreement0_justn-eps-converted-
to.pdf>
(epstopdf)                    date: 2012-05-11 09:17:45
(epstopdf)                    size: 7925 bytes
(epstopdf)             Command: <repstopdf --outfile=pics/fig02/agreement0_just
n-eps-converted-to.pdf pics/fig02/agreement0_justn.eps>
(epstopdf)             \includegraphics on input line 616.
Package epstopdf Info: Output file is already uptodate.

<pics/fig02/agreement0_justn-eps-converted-to.pdf, id=354, 481.8pt x 370.38374p
t>
File: pics/fig02/agreement0_justn-eps-converted-to.pdf Graphic file (type pdf)
 <use pics/fig02/agreement0_justn-eps-converted-to.pdf>
Package pdftex.def Info: pics/fig02/agreement0_justn-eps-converted-to.pdf used 
on input line 616.
(pdftex.def)             Requested size: 206.82443pt x 158.99377pt.
Package epstopdf Info: Source file: <pics/fig02/density_subsample.eps>
(epstopdf)                    date: 2012-05-10 19:48:14
(epstopdf)                    size: 6527090 bytes
(epstopdf)             Output file: <pics/fig02/density_subsample-eps-converted
-to.pdf>
(epstopdf)                    date: 2012-05-11 09:17:46
(epstopdf)                    size: 20677 bytes
(epstopdf)             Command: <repstopdf --outfile=pics/fig02/density_subsamp
le-eps-converted-to.pdf pics/fig02/density_subsample.eps>
(epstopdf)             \includegraphics on input line 617.
Package epstopdf Info: Output file is already uptodate.

<pics/fig02/density_subsample-eps-converted-to.pdf, id=355, 478.78876pt x 385.4
4pt>
File: pics/fig02/density_subsample-eps-converted-to.pdf Graphic file (type pdf)

 <use pics/fig02/density_subsample-eps-converted-to.pdf>
Package pdftex.def Info: pics/fig02/density_subsample-eps-converted-to.pdf used
 on input line 617.
(pdftex.def)             Requested size: 197.49548pt x 158.99377pt.
Package epstopdf Info: Source file: <pics/fig02/agreement0_subsample.eps>
(epstopdf)                    date: 2012-05-10 19:48:14
(epstopdf)                    size: 11842 bytes
(epstopdf)             Output file: <pics/fig02/agreement0_subsample-eps-conver
ted-to.pdf>
(epstopdf)                    date: 2012-05-11 09:17:46
(epstopdf)                    size: 7966 bytes
(epstopdf)             Command: <repstopdf --outfile=pics/fig02/agreement0_subs
ample-eps-converted-to.pdf pics/fig02/agreement0_subsample.eps>
(epstopdf)             \includegraphics on input line 618.
Package epstopdf Info: Output file is already uptodate.

<pics/fig02/agreement0_subsample-eps-converted-to.pdf, id=356, 481.8pt x 370.38
374pt>
File: pics/fig02/agreement0_subsample-eps-converted-to.pdf Graphic file (type p
df)
 <use pics/fig02/agreement0_subsample-eps-converted-to.pdf>
Package pdftex.def Info: pics/fig02/agreement0_subsample-eps-converted-to.pdf u
sed on input line 618.
(pdftex.def)             Requested size: 206.82443pt x 158.99377pt.
 [11 <./pics/fig02/density_justn-eps-converted-to.pdf> <./pics/fig02/agreement0
_justn-eps-converted-to.pdf> <./pics/fig02/density_subsample-eps-converted-to.p
df> <./pics/fig02/agreement0_subsample-eps-converted-to.pdf>]
Package hyperref Info: bookmark level for unknown algorithm defaults to 0 on in
put line 672.
Package epstopdf Info: Source file: <pics/fig04/normal_target_density.eps>
(epstopdf)                    date: 2012-05-11 08:03:53
(epstopdf)                    size: 6527094 bytes
(epstopdf)             Output file: <pics/fig04/normal_target_density-eps-conve
rted-to.pdf>
(epstopdf)                    date: 2012-05-11 09:17:46
(epstopdf)                    size: 24001 bytes
(epstopdf)             Command: <repstopdf --outfile=pics/fig04/normal_target_d
ensity-eps-converted-to.pdf pics/fig04/normal_target_density.eps>
(epstopdf)             \includegraphics on input line 687.
Package epstopdf Info: Output file is already uptodate.

<pics/fig04/normal_target_density-eps-converted-to.pdf, id=414, 483.8075pt x 38
5.44pt>
File: pics/fig04/normal_target_density-eps-converted-to.pdf Graphic file (type 
pdf)
 <use pics/fig04/normal_target_density-eps-converted-to.pdf>
Package pdftex.def Info: pics/fig04/normal_target_density-eps-converted-to.pdf 
used on input line 687.
(pdftex.def)             Requested size: 199.56567pt x 158.99377pt.
Package epstopdf Info: Source file: <pics/fig04/normal_target_agreement0.eps>
(epstopdf)                    date: 2012-05-11 08:03:53
(epstopdf)                    size: 11981 bytes
(epstopdf)             Output file: <pics/fig04/normal_target_agreement0-eps-co
nverted-to.pdf>
(epstopdf)                    date: 2012-05-11 09:17:47
(epstopdf)                    size: 8081 bytes
(epstopdf)             Command: <repstopdf --outfile=pics/fig04/normal_target_a
greement0-eps-converted-to.pdf pics/fig04/normal_target_agreement0.eps>
(epstopdf)             \includegraphics on input line 688.
Package epstopdf Info: Output file is already uptodate.

<pics/fig04/normal_target_agreement0-eps-converted-to.pdf, id=415, 467.7475pt x
 387.4475pt>
File: pics/fig04/normal_target_agreement0-eps-converted-to.pdf Graphic file (ty
pe pdf)
 <use pics/fig04/normal_target_agreement0-eps-converted-to.pdf>
Package pdftex.def Info: pics/fig04/normal_target_agreement0-eps-converted-to.p
df used on input line 688.
(pdftex.def)             Requested size: 191.949pt x 158.99377pt.
Package epstopdf Info: Source file: <pics/fig04/mixture_target_density.eps>
(epstopdf)                    date: 2012-05-11 08:44:26
(epstopdf)                    size: 6527095 bytes
(epstopdf)             Output file: <pics/fig04/mixture_target_density-eps-conv
erted-to.pdf>
(epstopdf)                    date: 2012-05-11 09:17:47
(epstopdf)                    size: 24122 bytes
(epstopdf)             Command: <repstopdf --outfile=pics/fig04/mixture_target_
density-eps-converted-to.pdf pics/fig04/mixture_target_density.eps>
(epstopdf)             \includegraphics on input line 689.
Package epstopdf Info: Output file is already uptodate.

<pics/fig04/mixture_target_density-eps-converted-to.pdf, id=416, 483.8075pt x 3
85.44pt>
File: pics/fig04/mixture_target_density-eps-converted-to.pdf Graphic file (type
 pdf)
 <use pics/fig04/mixture_target_density-eps-converted-to.pdf>
Package pdftex.def Info: pics/fig04/mixture_target_density-eps-converted-to.pdf
 used on input line 689.
(pdftex.def)             Requested size: 199.56567pt x 158.99377pt.
Package epstopdf Info: Source file: <pics/fig04/mixture_target_agreement0.eps>
(epstopdf)                    date: 2012-05-11 08:44:26
(epstopdf)                    size: 12268 bytes
(epstopdf)             Output file: <pics/fig04/mixture_target_agreement0-eps-c
onverted-to.pdf>
(epstopdf)                    date: 2012-05-11 09:17:47
(epstopdf)                    size: 8294 bytes
(epstopdf)             Command: <repstopdf --outfile=pics/fig04/mixture_target_
agreement0-eps-converted-to.pdf pics/fig04/mixture_target_agreement0.eps>
(epstopdf)             \includegraphics on input line 690.
Package epstopdf Info: Output file is already uptodate.

<pics/fig04/mixture_target_agreement0-eps-converted-to.pdf, id=417, 472.76625pt
 x 387.4475pt>
File: pics/fig04/mixture_target_agreement0-eps-converted-to.pdf Graphic file (t
ype pdf)
 <use pics/fig04/mixture_target_agreement0-eps-converted-to.pdf>
Package pdftex.def Info: pics/fig04/mixture_target_agreement0-eps-converted-to.
pdf used on input line 690.
(pdftex.def)             Requested size: 194.00854pt x 158.99377pt.

[12] [13 <./pics/fig04/normal_target_density-eps-converted-to.pdf> <./pics/fig0
4/normal_target_agreement0-eps-converted-to.pdf> <./pics/fig04/mixture_target_d
ensity-eps-converted-to.pdf> <./pics/fig04/mixture_target_agreement0-eps-conver
ted-to.pdf>]
Underfull \hbox (badness 10000) in paragraph at lines 754--755

 []

[14]
Underfull \hbox (badness 10000) in paragraph at lines 775--778

 []


Underfull \hbox (badness 10000) in paragraph at lines 818--819

 []

[15]
Underfull \hbox (badness 10000) in paragraph at lines 851--854

 []

[16]
Overfull \hbox (5.7655pt too wide) in paragraph at lines 867--869
\OT1/cmr/m/n/10 Therefore $[] [] \OML/cmm/m/it/10 D^^^[]\OT1/cmr/m/n/10 (\OML/c
mm/m/it/10 x\OT1/cmr/m/n/10 )$ is dif-fer-en-tiable ev-ery-where on $\OML/cmm/m
/it/10 t \OMS/cmsy/m/n/10 2 \OT1/cmr/m/n/10 [0\OML/cmm/m/it/10 ; \OT1/cmr/m/n/1
0 1]$ with deriva-tive given by $[] \OML/cmm/m/it/10 v[]\OT1/cmr/m/n/10 (\OML/c
mm/m/it/10 ^^^[]\OT1/cmr/m/n/10 (\OML/cmm/m/it/10 x\OT1/cmr/m/n/10 ))$. 
 []


Underfull \hbox (badness 10000) in paragraph at lines 923--926

 []

[17] [18]
Underfull \hbox (badness 10000) in paragraph at lines 1044--1045

 []

[19]
Underfull \hbox (badness 10000) in paragraph at lines 1072--1075

 []

[20]
Underfull \hbox (badness 10000) in paragraph at lines 1167--1169

 []

[21] [22]
Underfull \hbox (badness 10000) in paragraph at lines 1209--1212

 []


Underfull \hbox (badness 10000) in paragraph at lines 1216--1217

 []


Overfull \hbox (14.65207pt too wide) in paragraph at lines 1222--1222
[]\OT1/cmr/bx/n/14.4 Numerical tech-niques: geodesic and trans-pose flows 
 []


Package hyperref Warning: Token not allowed in a PDF string (PDFDocEncoding):
(hyperref)                removing `math shift' on input line 1228.


Package hyperref Warning: Token not allowed in a PDF string (PDFDocEncoding):
(hyperref)                removing `superscript' on input line 1228.


Package hyperref Warning: Token not allowed in a PDF string (PDFDocEncoding):
(hyperref)                removing `\sum@' on input line 1228.


Package hyperref Warning: Token not allowed in a PDF string (PDFDocEncoding):
(hyperref)                removing `\slimits@' on input line 1228.


Package hyperref Warning: Token not allowed in a PDF string (PDFDocEncoding):
(hyperref)                removing `subscript' on input line 1228.


Package hyperref Warning: Token not allowed in a PDF string (PDFDocEncoding):
(hyperref)                removing `superscript' on input line 1228.


Package hyperref Warning: Token not allowed in a PDF string (PDFDocEncoding):
(hyperref)                removing `\eta' on input line 1228.


Package hyperref Warning: Token not allowed in a PDF string (PDFDocEncoding):
(hyperref)                removing `superscript' on input line 1228.


Package hyperref Warning: Token not allowed in a PDF string (PDFDocEncoding):
(hyperref)                removing `subscript' on input line 1228.


Package hyperref Warning: Token not allowed in a PDF string (PDFDocEncoding):
(hyperref)                removing `\kappa' on input line 1228.


Package hyperref Warning: Token not allowed in a PDF string (PDFDocEncoding):
(hyperref)                removing `superscript' on input line 1228.


Package hyperref Warning: Token not allowed in a PDF string (PDFDocEncoding):
(hyperref)                removing `subscript' on input line 1228.


Package hyperref Warning: Token not allowed in a PDF string (PDFDocEncoding):
(hyperref)                removing `math shift' on input line 1228.


Package hyperref Warning: Token not allowed in a PDF string (PDFDocEncoding):
(hyperref)                removing `math shift' on input line 1228.


Package hyperref Warning: Token not allowed in a PDF string (PDFDocEncoding):
(hyperref)                removing `superscript' on input line 1228.


Package hyperref Warning: Token not allowed in a PDF string (PDFDocEncoding):
(hyperref)                removing `math shift' on input line 1228.


Overfull \hbox (33.14297pt too wide) in paragraph at lines 1236--1239
[][] \OML/cmm/m/it/10 R[]^^Q[] \OT1/cmr/m/n/10 =: \OML/cmm/m/it/10 R^^Q$ \OT1/c
mr/m/n/10 where $\OML/cmm/m/it/10 ^^T \OT1/cmr/m/n/10 = (\OML/cmm/m/it/10 ^^T[]
; [] ; ^^T[]\OT1/cmr/m/n/10 )[]$. In par-tic-u-lar, if $\OML/cmm/m/it/10 ` \OMS
/cmsy/m/n/10 2 f\OT1/cmr/m/n/10 1\OML/cmm/m/it/10 ; \OT1/cmr/m/n/10 2\OML/cmm/m
/it/10 ; [] ; d\OMS/cmsy/m/n/10 g$ \OT1/cmr/m/n/10 then $[] = [][] \OML/cmm/m/i
t/10 R\OT1/cmr/m/n/10 (\OML/cmm/m/it/10 ^^T[]; ^^T[]\OT1/cmr/m/n/10 )\OML/cmm/m
/it/10 ^^Q[] \OT1/cmr/m/n/10 =
 []

[23]

Package hyperref Warning: Token not allowed in a PDF string (PDFDocEncoding):
(hyperref)                removing `math shift' on input line 1289.


Package hyperref Warning: Token not allowed in a PDF string (PDFDocEncoding):
(hyperref)                removing `\eta' on input line 1289.


Package hyperref Warning: Token not allowed in a PDF string (PDFDocEncoding):
(hyperref)                removing `math shift' on input line 1289.


Package hyperref Warning: Token not allowed in a PDF string (PDFDocEncoding):
(hyperref)                removing `math shift' on input line 1289.


Package hyperref Warning: Token not allowed in a PDF string (PDFDocEncoding):
(hyperref)                removing `\kappa' on input line 1289.


Package hyperref Warning: Token not allowed in a PDF string (PDFDocEncoding):
(hyperref)                removing `math shift' on input line 1289.


Package hyperref Warning: Token not allowed in a PDF string (PDFDocEncoding):
(hyperref)                removing `math shift' on input line 1289.


Package hyperref Warning: Token not allowed in a PDF string (PDFDocEncoding):
(hyperref)                removing `math shift' on input line 1289.

[24]

Package hyperref Warning: Token not allowed in a PDF string (PDFDocEncoding):
(hyperref)                removing `math shift' on input line 1317.


Package hyperref Warning: Token not allowed in a PDF string (PDFDocEncoding):
(hyperref)                removing `\delta' on input line 1317.


Package hyperref Warning: Token not allowed in a PDF string (PDFDocEncoding):
(hyperref)                removing `\eta' on input line 1317.


Package hyperref Warning: Token not allowed in a PDF string (PDFDocEncoding):
(hyperref)                removing `\delta' on input line 1317.


Package hyperref Warning: Token not allowed in a PDF string (PDFDocEncoding):
(hyperref)                removing `\kappa' on input line 1317.


Package hyperref Warning: Token not allowed in a PDF string (PDFDocEncoding):
(hyperref)                removing `\delta' on input line 1317.


Package hyperref Warning: Token not allowed in a PDF string (PDFDocEncoding):
(hyperref)                removing `\phi' on input line 1317.


Package hyperref Warning: Token not allowed in a PDF string (PDFDocEncoding):
(hyperref)                removing `\delta' on input line 1317.


Package hyperref Warning: Token not allowed in a PDF string (PDFDocEncoding):
(hyperref)                removing `\nabla' on input line 1317.


Package hyperref Warning: Token not allowed in a PDF string (PDFDocEncoding):
(hyperref)                removing `\phi' on input line 1317.


Package hyperref Warning: Token not allowed in a PDF string (PDFDocEncoding):
(hyperref)                removing `math shift' on input line 1317.

[25]

Package hyperref Warning: Token not allowed in a PDF string (PDFDocEncoding):
(hyperref)                removing `math shift' on input line 1355.


Package hyperref Warning: Token not allowed in a PDF string (PDFDocEncoding):
(hyperref)                removing `superscript' on input line 1355.


Package hyperref Warning: Token not allowed in a PDF string (PDFDocEncoding):
(hyperref)                removing `\sum@' on input line 1355.


Package hyperref Warning: Token not allowed in a PDF string (PDFDocEncoding):
(hyperref)                removing `\slimits@' on input line 1355.


Package hyperref Warning: Token not allowed in a PDF string (PDFDocEncoding):
(hyperref)                removing `subscript' on input line 1355.


Package hyperref Warning: Token not allowed in a PDF string (PDFDocEncoding):
(hyperref)                removing `superscript' on input line 1355.


Package hyperref Warning: Token not allowed in a PDF string (PDFDocEncoding):
(hyperref)                removing `\eta' on input line 1355.


Package hyperref Warning: Token not allowed in a PDF string (PDFDocEncoding):
(hyperref)                removing `superscript' on input line 1355.


Package hyperref Warning: Token not allowed in a PDF string (PDFDocEncoding):
(hyperref)                removing `subscript' on input line 1355.


Package hyperref Warning: Token not allowed in a PDF string (PDFDocEncoding):
(hyperref)                removing `\kappa' on input line 1355.


Package hyperref Warning: Token not allowed in a PDF string (PDFDocEncoding):
(hyperref)                removing `superscript' on input line 1355.


Package hyperref Warning: Token not allowed in a PDF string (PDFDocEncoding):
(hyperref)                removing `subscript' on input line 1355.


Package hyperref Warning: Token not allowed in a PDF string (PDFDocEncoding):
(hyperref)                removing `math shift' on input line 1355.


Package hyperref Warning: Token not allowed in a PDF string (PDFDocEncoding):
(hyperref)                removing `math shift' on input line 1355.


Package hyperref Warning: Token not allowed in a PDF string (PDFDocEncoding):
(hyperref)                removing `superscript' on input line 1355.


Package hyperref Warning: Token not allowed in a PDF string (PDFDocEncoding):
(hyperref)                removing `math shift' on input line 1355.


Overfull \hbox (9.15918pt too wide) in paragraph at lines 1367--1370
\OT1/cmr/m/n/10 where $\OML/cmm/m/it/10 U[]$ \OT1/cmr/m/n/10 is a ma-trix which
 de-pends on $\OML/cmm/m/it/10 ^^Q[]; ^^T[]; ^^^[]\OT1/cmr/m/n/10 (\OML/cmm/m/i
t/10 X[]\OT1/cmr/m/n/10 )$ and $\OMS/cmsy/m/n/10 r\OML/cmm/m/it/10 ^^^[]\OT1/cm
r/m/n/10 (\OML/cmm/m/it/10 X[]\OT1/cmr/m/n/10 )$ but not on $\OML/cmm/m/it/10 ^
^N^^Q[]; ^^N^^T[]; ^^N^^^[]\OT1/cmr/m/n/10 (\OML/cmm/m/it/10 X[]\OT1/cmr/m/n/10
 )\OML/cmm/m/it/10 ; ^^N\OMS/cmsy/m/n/10 r\OML/cmm/m/it/10 ^^^[]\OT1/cmr/m/n/10
 (\OML/cmm/m/it/10 X[]\OT1/cmr/m/n/10 )$.
 []

[26] [27] [28]
Overfull \hbox (88.13467pt too wide) in paragraph at lines 1443--1445
\OT1/cmr/m/n/10 To switch to the Eu-le-rian spec-i-fi-ca-tion no-tice that $\OM
L/cmm/m/it/10 D^^N^^^[]\OT1/cmr/m/n/10 (\OML/cmm/m/it/10 x\OT1/cmr/m/n/10 ) = \
OML/cmm/m/it/10 Du[]\OT1/cmr/m/n/10 (\OML/cmm/m/it/10 ^^^[]\OT1/cmr/m/n/10 (\OM
L/cmm/m/it/10 x\OT1/cmr/m/n/10 ))\OML/cmm/m/it/10 D^^^[]\OT1/cmr/m/n/10 (\OML/c
mm/m/it/10 x\OT1/cmr/m/n/10 )$. There-fore $[]([\OML/cmm/m/it/10 D^^N^^^[]\OT1/
cmr/m/n/10 (\OML/cmm/m/it/10 x\OT1/cmr/m/n/10 )][\OML/cmm/m/it/10 D^^^[]\OT1/cm
r/m/n/10 (\OML/cmm/m/it/10 x\OT1/cmr/m/n/10 )][]) =
 []


LaTeX Warning: `!h' float specifier changed to `!ht'.


Underfull \hbox (badness 10000) in paragraph at lines 1490--1493

 []

(./MultiDefDensityVersion9.bbl [29] [30])
Package atveryend Info: Empty hook `BeforeClearDocument' on input line 1497.
 [31]
Package atveryend Info: Empty hook `AfterLastShipout' on input line 1497.
 (./MultiDefDensityVersion9.aux)
Package atveryend Info: Executing hook `AtVeryEndDocument' on input line 1497.
Package atveryend Info: Executing hook `AtEndAfterFileList' on input line 1497.

Package rerunfilecheck Info: File `MultiDefDensityVersion9.out' has not changed
.
(rerunfilecheck)             Checksum: EFFA14DE80CC2F092B83C060D5824E08;1110.


LaTeX Warning: There were multiply-defined labels.

Package atveryend Info: Empty hook `AtVeryVeryEnd' on input line 1497.
 ) 
Here is how much of TeX's memory you used:
 8345 strings out of 493315
 118228 string characters out of 6137904
 234420 words of memory out of 5000000
 11401 multiletter control sequences out of 15000+600000
 22402 words of font info for 81 fonts, out of 8000000 for 9000
 957 hyphenation exceptions out of 8191
 30i,19n,31p,1144b,548s stack positions out of 5000i,500n,10000p,200000b,80000s
</usr/local/texlive/2013/texmf-dist/fonts/type1/public/amsfonts/cm/cmbx10.pfb
></usr/local/texlive/2013/texmf-dist/fonts/type1/public/amsfonts/cm/cmbx12.pfb>
</usr/local/texlive/2013/texmf-dist/fonts/type1/public/amsfonts/cm/cmbx8.pfb></
usr/local/texlive/2013/texmf-dist/fonts/type1/public/amsfonts/cm/cmcsc10.pfb></
usr/local/texlive/2013/texmf-dist/fonts/type1/public/amsfonts/cm/cmex10.pfb></u
sr/local/texlive/2013/texmf-dist/fonts/type1/public/amsfonts/cmextra/cmex8.pfb>
</usr/local/texlive/2013/texmf-dist/fonts/type1/public/amsfonts/cm/cmmi10.pfb><
/usr/local/texlive/2013/texmf-dist/fonts/type1/public/amsfonts/cm/cmmi12.pfb></
usr/local/texlive/2013/texmf-dist/fonts/type1/public/amsfonts/cm/cmmi5.pfb></us
r/local/texlive/2013/texmf-dist/fonts/type1/public/amsfonts/cm/cmmi6.pfb></usr/
local/texlive/2013/texmf-dist/fonts/type1/public/amsfonts/cm/cmmi7.pfb></usr/lo
cal/texlive/2013/texmf-dist/fonts/type1/public/amsfonts/cm/cmmi8.pfb></usr/loca
l/texlive/2013/texmf-dist/fonts/type1/public/amsfonts/cm/cmmi9.pfb></usr/local/
texlive/2013/texmf-dist/fonts/type1/public/amsfonts/cm/cmr10.pfb></usr/local/te
xlive/2013/texmf-dist/fonts/type1/public/amsfonts/cm/cmr12.pfb></usr/local/texl
ive/2013/texmf-dist/fonts/type1/public/amsfonts/cm/cmr5.pfb></usr/local/texlive
/2013/texmf-dist/fonts/type1/public/amsfonts/cm/cmr6.pfb></usr/local/texlive/20
13/texmf-dist/fonts/type1/public/amsfonts/cm/cmr7.pfb></usr/local/texlive/2013/
texmf-dist/fonts/type1/public/amsfonts/cm/cmr8.pfb></usr/local/texlive/2013/tex
mf-dist/fonts/type1/public/amsfonts/cm/cmr9.pfb></usr/local/texlive/2013/texmf-
dist/fonts/type1/public/amsfonts/cm/cmsy10.pfb></usr/local/texlive/2013/texmf-d
ist/fonts/type1/public/amsfonts/cm/cmsy5.pfb></usr/local/texlive/2013/texmf-dis
t/fonts/type1/public/amsfonts/cm/cmsy6.pfb></usr/local/texlive/2013/texmf-dist/
fonts/type1/public/amsfonts/cm/cmsy7.pfb></usr/local/texlive/2013/texmf-dist/fo
nts/type1/public/amsfonts/cm/cmsy8.pfb></usr/local/texlive/2013/texmf-dist/font
s/type1/public/amsfonts/cm/cmsy9.pfb></usr/local/texlive/2013/texmf-dist/fonts/
type1/public/amsfonts/cm/cmti10.pfb></usr/local/texlive/2013/texmf-dist/fonts/t
ype1/public/amsfonts/cm/cmti7.pfb></usr/local/texlive/2013/texmf-dist/fonts/typ
e1/public/amsfonts/cm/cmti8.pfb></usr/local/texlive/2013/texmf-dist/fonts/type1
/public/amsfonts/cm/cmtt8.pfb></usr/local/texlive/2013/texmf-dist/fonts/type1/p
ublic/amsfonts/symbols/msbm10.pfb>
Output written on MultiDefDensityVersion9.pdf (31 pages, 631098 bytes).
PDF statistics:
 910 PDF objects out of 1000 (max. 8388607)
 728 compressed objects within 8 object streams
 208 named destinations out of 1000 (max. 500000)
 189 words of extra memory for PDF output out of 10000 (max. 10000000)

